{
  "RSpec": {
    "coverage": {
      "/app/app/helpers/application_helper.rb": {
        "lines": [
          1,
          null
        ]
      },
      "/app/app/helpers/home_helper.rb": {
        "lines": [
          null,
          null,
          1,
          null
        ]
      },
      "/app/app/helpers/icalendar_helper.rb": {
        "lines": [
          null,
          null,
          1,
          null,
          null,
          null,
          null,
          null,
          null,
          1,
          29,
          null,
          29,
          null,
          29,
          null,
          null,
          null,
          null,
          null,
          null,
          null,
          null,
          null,
          null,
          null,
          29,
          null,
          null,
          null,
          null,
          null,
          null,
          null,
          null,
          null,
          null,
          null,
          29,
          29,
          null,
          null,
          29,
          29,
          29,
          29,
          29,
          null,
          29,
          null,
          null,
          29,
          null,
          null,
          null,
          null,
          null,
          29,
          null,
          27,
          null,
          1,
          null,
          1,
          null,
          0,
          null,
          null,
          29,
          null,
          null,
          null,
          null,
          null,
          null,
          29,
          null,
          null,
          29,
          null,
          null,
          29,
          null,
          null
        ]
      },
      "/app/app/jobs/send_session_reminders_job.rb": {
        "lines": [
          null,
          null,
          1,
          1,
          null,
          1,
          null,
          4,
          null,
          4,
          null,
          4,
          4,
          null,
          null,
          null,
          null
        ]
      },
      "/app/app/jobs/application_job.rb": {
        "lines": [
          1,
          null,
          null,
          null,
          null,
          null,
          null
        ]
      },
      "/app/app/mailers/session_mailer.rb": {
        "lines": [
          null,
          null,
          1,
          1,
          null,
          null,
          null,
          null,
          1,
          8,
          8,
          8,
          8,
          8,
          null,
          8,
          null,
          8,
          null,
          null,
          null,
          null,
          null,
          null,
          null,
          null,
          1,
          5,
          5,
          5,
          5,
          5,
          null,
          5,
          null,
          5,
          null,
          null,
          null,
          null,
          null,
          null,
          null,
          null,
          null,
          1,
          7,
          7,
          7,
          7,
          null,
          7,
          null,
          null,
          null,
          null,
          null,
          1,
          null,
          null,
          null,
          null,
          null,
          null,
          1,
          13,
          null,
          13,
          null,
          null,
          null,
          null,
          null
        ]
      },
      "/app/app/mailers/application_mailer.rb": {
        "lines": [
          1,
          1,
          1,
          null
        ]
      },
      "/app/app/mailers/study_group_mailer.rb": {
        "lines": [
          null,
          null,
          1,
          null,
          null,
          null,
          1,
          5,
          5,
          5,
          5,
          5,
          null,
          5,
          null,
          null,
          null,
          null,
          null,
          null,
          null,
          null,
          1,
          5,
          5,
          5,
          5,
          5,
          null,
          5,
          null,
          null,
          null,
          null,
          null,
          null,
          null,
          null,
          1,
          5,
          5,
          5,
          5,
          null,
          5,
          null,
          null,
          null,
          null,
          null
        ]
      },
      "/app/app/models/attendance_record.rb": {
        "lines": [
          null,
          null,
          1,
          1,
          1,
          1,
          null,
          1,
          null
        ]
      },
      "/app/app/models/application_record.rb": {
        "lines": [
          1,
          1,
          null
        ]
      },
      "/app/app/models/course.rb": {
        "lines": [
          null,
          null,
          1,
          1,
          1,
          1,
          null,
          1,
          1,
          null,
          249,
          null
        ]
      },
      "/app/app/models/session_resource.rb": {
        "lines": [
          null,
          null,
          1,
          1,
          1,
          null,
          1,
          null,
          1,
          null,
          1,
          null
        ]
      },
      "/app/app/models/session_rsvp.rb": {
        "lines": [
          null,
          null,
          1,
          1,
          1,
          null,
          1,
          null,
          1,
          null,
          24,
          null
        ]
      },
      "/app/app/models/session.rb": {
        "lines": [
          null,
          null,
          1,
          1,
          null,
          1,
          1,
          1,
          1,
          null,
          1,
          1,
          1,
          1,
          1,
          null,
          25,
          11,
          null,
          1,
          13,
          null,
          12,
          null,
          null,
          1,
          1,
          null,
          1,
          null,
          null,
          1,
          null,
          1,
          96,
          null,
          90,
          1,
          null,
          null,
          null
        ]
      },
      "/app/app/models/study_group_membership.rb": {
        "lines": [
          null,
          null,
          1,
          1,
          1,
          1,
          null,
          1,
          null,
          1,
          null,
          123,
          null,
          null,
          null,
          1,
          4,
          null,
          null,
          null,
          null,
          null,
          null,
          1,
          4,
          null,
          null,
          null,
          null,
          null
        ]
      },
      "/app/app/models/study_group.rb": {
        "lines": [
          null,
          null,
          1,
          1,
          1,
          null,
          1,
          19,
          1,
          null,
          1,
          1,
          null,
          1,
          1,
          null,
          14,
          null
        ]
      },
      "/app/app/models/user.rb": {
        "lines": [
          null,
          null,
          1,
          1,
          1,
          null,
          1,
          1,
          1,
          null,
          1,
          1,
          null,
          1,
          null,
          1,
          1,
          1,
          1,
          null,
          1,
          64,
          3,
          3,
          3,
          null,
          null,
          null
        ]
      },
      "/app/app/policies/course_policy.rb": {
        "lines": [
          null,
          null,
          1,
          1,
          5,
          null,
          null,
          1,
          7,
          null,
          null,
          1,
          12,
          null,
          null,
          1,
          12,
          null,
          null,
          1,
          9,
          null,
          null
        ]
      },
      "/app/app/policies/application_policy.rb": {
        "lines": [
          null,
          null,
          1,
          1,
          null,
          1,
          126,
          126,
          null,
          null,
          1,
          0,
          null,
          null,
          1,
          0,
          null,
          null,
          1,
          0,
          null,
          null,
          1,
          15,
          null,
          null,
          1,
          0,
          null,
          null,
          1,
          13,
          null,
          null,
          1,
          0,
          null,
          null,
          1,
          1,
          0,
          0,
          null,
          null,
          1,
          0,
          null,
          null,
          1,
          null,
          1,
          null,
          null
        ]
      },
      "/app/app/policies/study_group_policy.rb": {
        "lines": [
          null,
          null,
          1,
          1,
          1,
          null,
          null,
          1,
          15,
          null,
          null,
          1,
          15,
          null,
          null,
          1,
          28,
          null,
          null,
          1,
          14,
          null,
          null
        ]
      },
      "/app/app/models/course_teacher.rb": {
        "lines": [
          null,
          null,
          1,
          1,
          1,
          null,
          1,
          null
        ]
      },
      "/app/app/controllers/admin/admin_controller.rb": {
        "lines": [
          null,
          null,
          1,
          1,
          1,
          null,
          1,
          12,
          null,
          null,
          10,
          10,
          10,
          null,
          null,
          10,
          null,
          null,
          10,
          10,
          10,
          null,
          null,
          10,
          10,
          10,
          null,
          null,
          10,
          null,
          null,
          null,
          10,
          null,
          null,
          null,
          10,
          null,
          null,
          null,
          null,
          10,
          null,
          null,
          null
        ]
      },
      "/app/app/controllers/application_controller.rb": {
        "lines": [
          1,
          1,
          null,
          1,
          null,
          1,
          null,
          1,
          null,
          1,
          271,
          null,
          null,
          1,
          96,
          null,
          null,
          1,
          84,
          8,
          null,
          null,
          null,
          1,
          18,
          18,
          null,
          null
        ]
      },
      "/app/app/policies/dashboard_policy.rb": {
        "lines": [
          null,
          null,
          1,
          1,
          null,
          1,
          12,
          12,
          null,
          null,
          1,
          12,
          null,
          null
        ]
      },
      "/app/app/controllers/courses_controller.rb": {
        "lines": [
          null,
          null,
          1,
          1,
          1,
          null,
          1,
          2,
          2,
          null,
          null,
          1,
          4,
          null,
          null,
          1,
          2,
          2,
          null,
          null,
          1,
          2,
          2,
          null,
          1,
          1,
          null,
          0,
          null,
          null,
          null,
          1,
          0,
          null,
          null,
          1,
          2,
          null,
          1,
          1,
          null,
          0,
          null,
          null,
          null,
          1,
          2,
          1,
          1,
          null,
          null,
          1,
          null,
          1,
          8,
          null,
          null,
          1,
          3,
          null,
          null
        ]
      },
      "/app/app/controllers/sessions_controller.rb": {
        "lines": [
          null,
          null,
          1,
          1,
          null,
          1,
          61,
          null,
          61,
          61,
          61,
          null,
          0,
          null,
          null,
          null,
          1,
          1,
          1,
          null,
          null
        ]
      },
      "/app/app/controllers/session_rsvps_controller.rb": {
        "lines": [
          null,
          null,
          1,
          1,
          1,
          null,
          1,
          4,
          4,
          4,
          4,
          null,
          4,
          null,
          null,
          4,
          1,
          null,
          1,
          null,
          null,
          3,
          null,
          3,
          null,
          3,
          null,
          null,
          0,
          null,
          null,
          null,
          null,
          1,
          4,
          null,
          null,
          3,
          1,
          null,
          1,
          null,
          null,
          2,
          2,
          null,
          null,
          0,
          null,
          null,
          null,
          null,
          1,
          2,
          1,
          1,
          null,
          1,
          null,
          null,
          null,
          1,
          null,
          1,
          6,
          null,
          null,
          1,
          9,
          null,
          null
        ]
      },
      "/app/app/policies/session_rsvp_policy.rb": {
        "lines": [
          null,
          null,
          1,
          1,
          4,
          null,
          null,
          4,
          4,
          null,
          null,
          1,
          4,
          null,
          null,
          4,
          null,
          null,
          1,
          2,
          null,
          null,
          2,
          null,
          null
        ]
      },
      "/app/app/controllers/study_sessions_controller.rb": {
        "lines": [
          null,
          null,
          1,
          1,
          1,
          1,
          null,
          1,
          null,
          null,
          3,
          2,
          null,
          null,
          1,
          4,
          3,
          null,
          null,
          1,
          3,
          3,
          null,
          null,
          1,
          3,
          3,
          null,
          2,
          null,
          2,
          2,
          null,
          null,
          2,
          null,
          0,
          null,
          null,
          null,
          1,
          3,
          null,
          null,
          1,
          3,
          null,
          2,
          2,
          null,
          0,
          null,
          null,
          null,
          1,
          3,
          2,
          2,
          null,
          null,
          1,
          null,
          1,
          22,
          null,
          null,
          1,
          13,
          null,
          null,
          1,
          5,
          null,
          null,
          null,
          null,
          null,
          null,
          null,
          null,
          null,
          null,
          null,
          null
        ]
      },
      "/app/app/policies/session_policy.rb": {
        "lines": [
          null,
          null,
          1,
          1,
          3,
          null,
          null,
          3,
          3,
          null,
          null,
          1,
          4,
          null,
          null,
          4,
          4,
          null,
          null,
          1,
          15,
          null,
          null,
          1,
          9,
          null,
          null,
          1,
          6,
          null,
          null
        ]
      },
      "/app/app/controllers/study_groups_controller.rb": {
        "lines": [
          null,
          null,
          1,
          1,
          1,
          null,
          1,
          1,
          1,
          null,
          null,
          1,
          7,
          null,
          null,
          1,
          3,
          3,
          null,
          null,
          1,
          3,
          3,
          3,
          null,
          3,
          3,
          null,
          0,
          null,
          null,
          null,
          1,
          3,
          null,
          null,
          1,
          3,
          null,
          2,
          2,
          null,
          0,
          null,
          null,
          null,
          1,
          3,
          2,
          2,
          null,
          null,
          1,
          4,
          null,
          null,
          4,
          null,
          null,
          null,
          null,
          4,
          1,
          1,
          3,
          0,
          0,
          null,
          null,
          3,
          null,
          null,
          null,
          null,
          null,
          null,
          3,
          null,
          3,
          null,
          null,
          1,
          null,
          1,
          20,
          null,
          null,
          1,
          5,
          null,
          null
        ]
      },
      "/app/app/controllers/study_group_memberships_controller.rb": {
        "lines": [
          null,
          null,
          1,
          1,
          1,
          null,
          1,
          null,
          1,
          5,
          5,
          null,
          0,
          0,
          null,
          null,
          null,
          1,
          3,
          3,
          3,
          3,
          2,
          null,
          0,
          null,
          null,
          null,
          1,
          5,
          3,
          null,
          null,
          3,
          null,
          3,
          null,
          null,
          1,
          5,
          3,
          null,
          null,
          3,
          null,
          3,
          null,
          null,
          1,
          null,
          1,
          10,
          null,
          null
        ]
      },
      "/app/app/policies/study_group_membership_policy.rb": {
        "lines": [
          null,
          null,
          1,
          1,
          3,
          null,
          null,
          1,
          5,
          null,
          null,
          1,
          5,
          null,
          null
        ]
      },
      "/app/app/controllers/home_controller.rb": {
        "lines": [
          1,
          1,
          null,
          null
        ]
      },
      "/app/app/channels/application_cable/channel.rb": {
        "lines": [
          0,
          0,
          0,
          0
        ],
        "branches": {}
      },
      "/app/app/channels/application_cable/connection.rb": {
        "lines": [
          0,
          0,
          0,
          0
        ],
        "branches": {}
      }
    },
    "timestamp": 1763498620
  }
}
